This is pdfTeX, Version 3.14159265-2.6-1.40.21 (TeX Live 2020/Debian) (preloaded format=pdflatex 2021.3.11)  16 JUN 2021 13:31
entering extended mode
 restricted \write18 enabled.
 file:line:error style messages enabled.
 %&-line parsing enabled.
**"/home/bryan/Git/study-guides/computer-engineering-undergrad/computer-engineering-term-5/ENG5895-software-design/ENG5895 Software Design.tex"
(/home/bryan/Git/study-guides/computer-engineering-undergrad/computer-engineering-term-5/ENG5895-software-design/ENG5895 Software Design.tex
LaTeX2e <2020-02-02> patch level 5
L3 programming layer <2020-07-17> (/usr/share/texlive/texmf-dist/tex/latex/base/article.cls
Document Class: article 2019/12/20 v1.4l Standard LaTeX document class
(/usr/share/texlive/texmf-dist/tex/latex/base/size11.clo
File: size11.clo 2019/12/20 v1.4l Standard LaTeX file (size option)
)
\c@part=\count168
\c@section=\count169
\c@subsection=\count170
\c@subsubsection=\count171
\c@paragraph=\count172
\c@subparagraph=\count173
\c@figure=\count174
\c@table=\count175
\abovecaptionskip=\skip47
\belowcaptionskip=\skip48
\bibindent=\dimen134
) (/usr/share/texlive/texmf-dist/tex/latex/caption/caption.sty
Package: caption 2020/05/30 v3.4k Customizing captions (AR)
 (/usr/share/texlive/texmf-dist/tex/latex/caption/caption3.sty
Package: caption3 2020/07/20 v1.12b caption3 kernel (AR)
Package caption3 Info: TeX engine: e-TeX on input line 61.
 (/usr/share/texlive/texmf-dist/tex/latex/graphics/keyval.sty
Package: keyval 2014/10/28 v1.15 key=value parser (DPC)
\KV@toks@=\toks15
)
\captionmargin=\dimen135
\captionmargin@=\dimen136
\captionwidth=\dimen137
\caption@tempdima=\dimen138
\caption@indent=\dimen139
\caption@parindent=\dimen140
\caption@hangindent=\dimen141
Package caption Info: Standard document class detected.
)
\c@caption@flags=\count176
\c@continuedfloat=\count177
)
Package caption Info: Option `' requires the `newfloat' package on input line 4.
 (/usr/share/texlive/texmf-dist/tex/latex/newfloat/newfloat.sty
Package: newfloat 2019/09/02 v1.1l Defining new floating environments (AR)
)
Package newfloat Info: New float `equ' with options `' on input line 4.
\c@equ=\count178
\newfloat@ftype=\count179
Package newfloat Info: float type `equ'=8 on input line 4.
 (/usr/share/texlive/texmf-dist/tex/latex/xcolor/xcolor.sty
Package: xcolor 2016/05/11 v2.12 LaTeX color extensions (UK)
 (/usr/share/texlive/texmf-dist/tex/latex/graphics-cfg/color.cfg
File: color.cfg 2016/01/02 v1.6 sample color configuration
)
Package xcolor Info: Driver file: pdftex.def on input line 225.
 (/usr/share/texlive/texmf-dist/tex/latex/graphics-def/pdftex.def
File: pdftex.def 2018/01/08 v1.0l Graphics/color driver for pdftex
)
Package xcolor Info: Model `cmy' substituted by `cmy0' on input line 1348.
Package xcolor Info: Model `hsb' substituted by `rgb' on input line 1352.
Package xcolor Info: Model `RGB' extended on input line 1364.
Package xcolor Info: Model `HTML' substituted by `rgb' on input line 1366.
Package xcolor Info: Model `Hsb' substituted by `hsb' on input line 1367.
Package xcolor Info: Model `tHsb' substituted by `hsb' on input line 1368.
Package xcolor Info: Model `HSB' substituted by `hsb' on input line 1369.
Package xcolor Info: Model `Gray' substituted by `gray' on input line 1370.
Package xcolor Info: Model `wave' substituted by `hsb' on input line 1371.
 (/usr/share/texlive/texmf-dist/tex/latex/xcolor/svgnam.def
File: svgnam.def 2016/05/11 v2.12 Predefined colors according to SVG 1.1 (UK)
)) (/usr/share/texlive/texmf-dist/tex/latex/bookmark/bookmark.sty
Package: bookmark 2019/12/03 v1.28 PDF bookmarks (HO)
 (/usr/share/texlive/texmf-dist/tex/latex/hyperref/hyperref.sty
Package: hyperref 2020-05-15 v7.00e Hypertext links for LaTeX
 (/usr/share/texlive/texmf-dist/tex/generic/ltxcmds/ltxcmds.sty
Package: ltxcmds 2019/12/15 v1.24 LaTeX kernel commands for general use (HO)
) (/usr/share/texlive/texmf-dist/tex/generic/iftex/iftex.sty
Package: iftex 2020/03/06 v1.0d TeX engine tests
) (/usr/share/texlive/texmf-dist/tex/generic/pdftexcmds/pdftexcmds.sty
Package: pdftexcmds 2020-06-27 v0.33 Utility functions of pdfTeX for LuaTeX (HO)
 (/usr/share/texlive/texmf-dist/tex/generic/infwarerr/infwarerr.sty
Package: infwarerr 2019/12/03 v1.5 Providing info/warning/error messages (HO)
)
Package pdftexcmds Info: \pdf@primitive is available.
Package pdftexcmds Info: \pdf@ifprimitive is available.
Package pdftexcmds Info: \pdfdraftmode found.
) (/usr/share/texlive/texmf-dist/tex/generic/kvsetkeys/kvsetkeys.sty
Package: kvsetkeys 2019/12/15 v1.18 Key value parser (HO)
) (/usr/share/texlive/texmf-dist/tex/generic/kvdefinekeys/kvdefinekeys.sty
Package: kvdefinekeys 2019-12-19 v1.6 Define keys (HO)
) (/usr/share/texlive/texmf-dist/tex/generic/pdfescape/pdfescape.sty
Package: pdfescape 2019/12/09 v1.15 Implements pdfTeX's escape features (HO)
) (/usr/share/texlive/texmf-dist/tex/latex/hycolor/hycolor.sty
Package: hycolor 2020-01-27 v1.10 Color options for hyperref/bookmark (HO)
) (/usr/share/texlive/texmf-dist/tex/latex/letltxmacro/letltxmacro.sty
Package: letltxmacro 2019/12/03 v1.6 Let assignment for LaTeX macros (HO)
) (/usr/share/texlive/texmf-dist/tex/latex/auxhook/auxhook.sty
Package: auxhook 2019-12-17 v1.6 Hooks for auxiliary files (HO)
) (/usr/share/texlive/texmf-dist/tex/latex/kvoptions/kvoptions.sty
Package: kvoptions 2019/11/29 v3.13 Key value format for package options (HO)
)
\@linkdim=\dimen142
\Hy@linkcounter=\count180
\Hy@pagecounter=\count181
 (/usr/share/texlive/texmf-dist/tex/latex/hyperref/pd1enc.def
File: pd1enc.def 2020-05-15 v7.00e Hyperref: PDFDocEncoding definition (HO)
Now handling font encoding PD1 ...
... no UTF-8 mapping file for font encoding PD1
) (/usr/share/texlive/texmf-dist/tex/generic/intcalc/intcalc.sty
Package: intcalc 2019/12/15 v1.3 Expandable calculations with integers (HO)
) (/usr/share/texlive/texmf-dist/tex/generic/etexcmds/etexcmds.sty
Package: etexcmds 2019/12/15 v1.7 Avoid name clashes with e-TeX commands (HO)
)
\Hy@SavedSpaceFactor=\count182
Package hyperref Info: Hyper figures OFF on input line 4464.
Package hyperref Info: Link nesting OFF on input line 4469.
Package hyperref Info: Hyper index ON on input line 4472.
Package hyperref Info: Plain pages OFF on input line 4479.
Package hyperref Info: Backreferencing OFF on input line 4484.
Package hyperref Info: Implicit mode ON; LaTeX internals redefined.
Package hyperref Info: Bookmarks ON on input line 4717.
\c@Hy@tempcnt=\count183
 (/usr/share/texlive/texmf-dist/tex/latex/url/url.sty
\Urlmuskip=\muskip16
Package: url 2013/09/16  ver 3.4  Verb mode for urls, etc.
)
LaTeX Info: Redefining \url on input line 5076.
\XeTeXLinkMargin=\dimen143
 (/usr/share/texlive/texmf-dist/tex/generic/bitset/bitset.sty
Package: bitset 2019/12/09 v1.3 Handle bit-vector datatype (HO)
 (/usr/share/texlive/texmf-dist/tex/generic/bigintcalc/bigintcalc.sty
Package: bigintcalc 2019/12/15 v1.5 Expandable calculations on big integers (HO)
))
\Fld@menulength=\count184
\Field@Width=\dimen144
\Fld@charsize=\dimen145
Package hyperref Info: Hyper figures OFF on input line 6347.
Package hyperref Info: Link nesting OFF on input line 6352.
Package hyperref Info: Hyper index ON on input line 6355.
Package hyperref Info: backreferencing OFF on input line 6362.
Package hyperref Info: Link coloring OFF on input line 6367.
Package hyperref Info: Link coloring with OCG OFF on input line 6372.
Package hyperref Info: PDF/A mode OFF on input line 6377.
LaTeX Info: Redefining \ref on input line 6417.
LaTeX Info: Redefining \pageref on input line 6421.
 (/usr/share/texlive/texmf-dist/tex/generic/atbegshi/atbegshi.sty
Package: atbegshi 2019/12/05 v1.19 At begin shipout hook (HO)
)
\Hy@abspage=\count185
\c@Item=\count186
\c@Hfootnote=\count187
)
Package hyperref Info: Driver (autodetected): hpdftex.
 (/usr/share/texlive/texmf-dist/tex/latex/hyperref/hpdftex.def
File: hpdftex.def 2020-05-15 v7.00e Hyperref driver for pdfTeX
 (/usr/share/texlive/texmf-dist/tex/latex/atveryend/atveryend.sty
Package: atveryend 2019-12-11 v1.11 Hooks at the very end of document (HO)
Package atveryend Info: \enddocument detected (standard20110627).
)
\Fld@listcount=\count188
\c@bookmark@seq@number=\count189
 (/usr/share/texlive/texmf-dist/tex/latex/rerunfilecheck/rerunfilecheck.sty
Package: rerunfilecheck 2019/12/05 v1.9 Rerun checks for auxiliary files (HO)
 (/usr/share/texlive/texmf-dist/tex/generic/uniquecounter/uniquecounter.sty
Package: uniquecounter 2019/12/15 v1.4 Provide unlimited unique counter (HO)
)
Package uniquecounter Info: New unique counter `rerunfilecheck' on input line 286.
)
\Hy@SectionHShift=\skip49
) (/usr/share/texlive/texmf-dist/tex/latex/bookmark/bkm-pdftex.def
File: bkm-pdftex.def 2019/12/03 v1.28 bookmark driver for pdfTeX (HO)
\BKM@id=\count190
)) (/usr/share/texlive/texmf-dist/tex/latex/paratype/PTSerif.sty
Package: PTSerif 2011/02/10 Style file for PTSerif.
) (/usr/share/texlive/texmf-dist/tex/latex/l3backend/l3backend-pdfmode.def
File: l3backend-pdfmode.def 2020-06-29 L3 backend support: PDF mode
\l__kernel_color_stack_int=\count191
\l__pdf_internal_box=\box45
) (/home/bryan/Git/study-guides/computer-engineering-undergrad/computer-engineering-term-5/ENG5895-software-design/ENG5895 Software Design.aux)
\openout1 = `"ENG5895 Software Design.aux"'.

LaTeX Font Info:    Checking defaults for OML/cmm/m/it on input line 12.
LaTeX Font Info:    ... okay on input line 12.
LaTeX Font Info:    Checking defaults for OMS/cmsy/m/n on input line 12.
LaTeX Font Info:    ... okay on input line 12.
LaTeX Font Info:    Checking defaults for OT1/cmr/m/n on input line 12.
LaTeX Font Info:    ... okay on input line 12.
LaTeX Font Info:    Checking defaults for T1/cmr/m/n on input line 12.
LaTeX Font Info:    ... okay on input line 12.
LaTeX Font Info:    Checking defaults for TS1/cmr/m/n on input line 12.
LaTeX Font Info:    ... okay on input line 12.
LaTeX Font Info:    Checking defaults for OMX/cmex/m/n on input line 12.
LaTeX Font Info:    ... okay on input line 12.
LaTeX Font Info:    Checking defaults for U/cmr/m/n on input line 12.
LaTeX Font Info:    ... okay on input line 12.
LaTeX Font Info:    Checking defaults for PD1/pdf/m/n on input line 12.
LaTeX Font Info:    ... okay on input line 12.
LaTeX Font Info:    Trying to load font information for OT1+PTSerif-TLF on input line 12.
 (/usr/share/texlive/texmf-dist/tex/latex/paratype/OT1PTSerif-TLF.fd
File: OT1PTSerif-TLF.fd 2014/02/02 Font definitions for OT1/PTSerif-TLF.
)
Package caption Info: Begin \AtBeginDocument code.
Package caption Info: hyperref package is loaded.
Package caption Info: End \AtBeginDocument code.
 (/usr/share/texlive/texmf-dist/tex/context/base/mkii/supp-pdf.mkii
[Loading MPS to PDF converter (version 2006.09.02).]
\scratchcounter=\count192
\scratchdimen=\dimen146
\scratchbox=\box46
\nofMPsegments=\count193
\nofMParguments=\count194
\everyMPshowfont=\toks16
\MPscratchCnt=\count195
\MPscratchDim=\dimen147
\MPnumerator=\count196
\makeMPintoPDFobject=\count197
\everyMPtoPDFconversion=\toks17
)
\AtBeginShipoutBox=\box47
Package hyperref Info: Link coloring OFF on input line 12.
 (/usr/share/texlive/texmf-dist/tex/latex/hyperref/nameref.sty
Package: nameref 2019/09/16 v2.46 Cross-referencing by name of section
 (/usr/share/texlive/texmf-dist/tex/latex/refcount/refcount.sty
Package: refcount 2019/12/15 v3.6 Data extraction from label references (HO)
) (/usr/share/texlive/texmf-dist/tex/generic/gettitlestring/gettitlestring.sty
Package: gettitlestring 2019/12/15 v1.6 Cleanup title references (HO)
)
\c@section@level=\count198
)
LaTeX Info: Redefining \ref on input line 12.
LaTeX Info: Redefining \pageref on input line 12.
LaTeX Info: Redefining \nameref on input line 12.
LaTeX Font Info:    External font `cmex10' loaded for size
(Font)              <12> on input line 32.
LaTeX Font Info:    External font `cmex10' loaded for size
(Font)              <8> on input line 32.
LaTeX Font Info:    External font `cmex10' loaded for size
(Font)              <6> on input line 32.
 [1

{/var/lib/texmf/fonts/map/pdftex/updmap/pdftex.map}]
\tf@toc=\write3
\openout3 = `"ENG5895 Software Design.toc"'.

pdfTeX warning (ext4): destination with the same identifier (name{page.1}) has been already used, duplicate ignored
<to be read again> 
                   \relax 
l.47 \section
             {UML Class Diagrams} [1]
LaTeX Font Info:    Trying to load font information for TS1+PTSerif-TLF on input line 52.
 (/usr/share/texlive/texmf-dist/tex/latex/paratype/TS1PTSerif-TLF.fd
File: TS1PTSerif-TLF.fd 2014/02/02 Font definitions for TS1/PTSerif-TLF.
) [2]
Overfull \hbox (5.06178pt too wide) in paragraph at lines 87--90
\TS1/PTSerif-TLF/m/n/10.95 à \OT1/PTSerif-TLF/m/n/10.95 Re-mem-ber, UML di-a-grams show the pos-si-ble re-la-tion-ships be-tween classes.
 []


/home/bryan/Git/study-guides/computer-engineering-undergrad/computer-engineering-term-5/ENG5895-software-design/ENG5895 Software Design.tex:104: Package inputenc Error: Unicode character ÔÅõ (U+F05B)
(inputenc)                not set up for use with LaTeX.

See the inputenc package documentation for explanation.
Type  H <return>  for immediate help.
 ...                                              
                                                  
l.104 ÔÅõ
          Abstract class can have some implementation‚Ä¶ Interfaces cannot h...
You may provide a definition with
\DeclareUnicodeCharacter 


/home/bryan/Git/study-guides/computer-engineering-undergrad/computer-engineering-term-5/ENG5895-software-design/ENG5895 Software Design.tex:105: Package inputenc Error: Unicode character ÔÅõ (U+F05B)
(inputenc)                not set up for use with LaTeX.

See the inputenc package documentation for explanation.
Type  H <return>  for immediate help.
 ...                                              
                                                  
l.105 ÔÅõ
          You can implement multiple interfaces, you can only extend one class
You may provide a definition with
\DeclareUnicodeCharacter 


/home/bryan/Git/study-guides/computer-engineering-undergrad/computer-engineering-term-5/ENG5895-software-design/ENG5895 Software Design.tex:106: Package inputenc Error: Unicode character ÔÅõ (U+F05B)
(inputenc)                not set up for use with LaTeX.

See the inputenc package documentation for explanation.
Type  H <return>  for immediate help.
 ...                                              
                                                  
l.106 ÔÅõ
          When something implements an interface, it promises to use all its...
You may provide a definition with
\DeclareUnicodeCharacter 

[3] [4]

/home/bryan/Git/study-guides/computer-engineering-undergrad/computer-engineering-term-5/ENG5895-software-design/ENG5895 Software Design.tex:154: Package inputenc Error: Unicode character ÔÅõ (U+F05B)
(inputenc)                not set up for use with LaTeX.

See the inputenc package documentation for explanation.
Type  H <return>  for immediate help.
 ...                                              
                                                  
l.154 ÔÅõ
          Meyer‚Äôs Rule:
You may provide a definition with
\DeclareUnicodeCharacter 


/home/bryan/Git/study-guides/computer-engineering-undergrad/computer-engineering-term-5/ENG5895-software-design/ENG5895 Software Design.tex:168: Package inputenc Error: Unicode character ÔÅõ (U+F05B)
(inputenc)                not set up for use with LaTeX.

See the inputenc package documentation for explanation.
Type  H <return>  for immediate help.
 ...                                              
                                                  
l.168 ÔÅõ
          Design pattern is a general solution to a commonly encountered pro...
You may provide a definition with
\DeclareUnicodeCharacter 

[5] [6] [7]

/home/bryan/Git/study-guides/computer-engineering-undergrad/computer-engineering-term-5/ENG5895-software-design/ENG5895 Software Design.tex:232: Package inputenc Error: Unicode character ÔÅõ (U+F05B)
(inputenc)                not set up for use with LaTeX.

See the inputenc package documentation for explanation.
Type  H <return>  for immediate help.
 ...                                              
                                                  
l.232 - ÔÅõ
            Remember:
You may provide a definition with
\DeclareUnicodeCharacter 


/home/bryan/Git/study-guides/computer-engineering-undergrad/computer-engineering-term-5/ENG5895-software-design/ENG5895 Software Design.tex:263: Package inputenc Error: Unicode character ‚ñ™ (U+25AA)
(inputenc)                not set up for use with LaTeX.

See the inputenc package documentation for explanation.
Type  H <return>  for immediate help.
 ...                                              
                                                  
l.263 ‚ñ™
          If it does not already the lock, it will wait until it is free
You may provide a definition with
\DeclareUnicodeCharacter 


/home/bryan/Git/study-guides/computer-engineering-undergrad/computer-engineering-term-5/ENG5895-software-design/ENG5895 Software Design.tex:264: Package inputenc Error: Unicode character ‚ñ™ (U+25AA)
(inputenc)                not set up for use with LaTeX.

See the inputenc package documentation for explanation.
Type  H <return>  for immediate help.
 ...                                              
                                                  
l.264 ‚ñ™
          Once the lock is acquired, the thread begins to execute the method
You may provide a definition with
\DeclareUnicodeCharacter 


/home/bryan/Git/study-guides/computer-engineering-undergrad/computer-engineering-term-5/ENG5895-software-design/ENG5895 Software Design.tex:266: Package inputenc Error: Unicode character ‚ñ™ (U+25AA)
(inputenc)                not set up for use with LaTeX.

See the inputenc package documentation for explanation.
Type  H <return>  for immediate help.
 ...                                              
                                                  
l.266 ‚ñ™
          If it leaving the synchronized last invocation for the object it‚Ä...
You may provide a definition with
\DeclareUnicodeCharacter 

[8] [9]

/home/bryan/Git/study-guides/computer-engineering-undergrad/computer-engineering-term-5/ENG5895-software-design/ENG5895 Software Design.tex:324: Package inputenc Error: Unicode character ÔÅõ (U+F05B)
(inputenc)                not set up for use with LaTeX.

See the inputenc package documentation for explanation.
Type  H <return>  for immediate help.
 ...                                              
                                                  
l.324 ÔÅõ
          The new test should fail because we haven‚Äôt implemented the feat...
You may provide a definition with
\DeclareUnicodeCharacter 


/home/bryan/Git/study-guides/computer-engineering-undergrad/computer-engineering-term-5/ENG5895-software-design/ENG5895 Software Design.tex:328: Package inputenc Error: Unicode character ÔÅõ (U+F05B)
(inputenc)                not set up for use with LaTeX.

See the inputenc package documentation for explanation.
Type  H <return>  for immediate help.
 ...                                              
                                                  
l.328 ÔÅõ
          Clean up code and apply design principles
You may provide a definition with
\DeclareUnicodeCharacter 

[10]

/home/bryan/Git/study-guides/computer-engineering-undergrad/computer-engineering-term-5/ENG5895-software-design/ENG5895 Software Design.tex:368: Package inputenc Error: Unicode character ÔÅõ (U+F05B)
(inputenc)                not set up for use with LaTeX.

See the inputenc package documentation for explanation.
Type  H <return>  for immediate help.
 ...                                              
                                                  
l.368 ÔÅõ
          presentation from representation
You may provide a definition with
\DeclareUnicodeCharacter 


/home/bryan/Git/study-guides/computer-engineering-undergrad/computer-engineering-term-5/ENG5895-software-design/ENG5895 Software Design.tex:369: Package inputenc Error: Unicode character ÔÅõ (U+F05B)
(inputenc)                not set up for use with LaTeX.

See the inputenc package documentation for explanation.
Type  H <return>  for immediate help.
 ...                                              
                                                  
l.369 ÔÅõ
          view from control
You may provide a definition with
\DeclareUnicodeCharacter 

[11]

/home/bryan/Git/study-guides/computer-engineering-undergrad/computer-engineering-term-5/ENG5895-software-design/ENG5895 Software Design.tex:407: Package inputenc Error: Unicode character ÔÅõ (U+F05B)
(inputenc)                not set up for use with LaTeX.

See the inputenc package documentation for explanation.
Type  H <return>  for immediate help.
 ...                                              
                                                  
l.407 ÔÅõ
          To be added
You may provide a definition with
\DeclareUnicodeCharacter 


Overfull \hbox (3.77277pt too wide) in paragraph at lines 416--418
\TS1/PTSerif-TLF/m/n/10.95 à \OT1/PTSerif-TLF/m/n/10.95 Soft-ware fail-ures suck, can cost tons of \TS1/PTSerif-TLF/m/n/10.95 $$$\OT1/PTSerif-TLF/m/n/10.95 , soft-ware de-vel-op-ment method-
 []

[12]
Package atveryend Info: Empty hook `BeforeClearDocument' on input line 430.
 [13]
Package atveryend Info: Empty hook `AfterLastShipout' on input line 430.
 (/home/bryan/Git/study-guides/computer-engineering-undergrad/computer-engineering-term-5/ENG5895-software-design/ENG5895 Software Design.aux)
Package atveryend Info: Executing hook `AtVeryEndDocument' on input line 430.
Package atveryend Info: Empty hook `AtEndAfterFileList' on input line 430.
Package atveryend Info: Empty hook `AtVeryVeryEnd' on input line 430.
 ) 
Here is how much of TeX's memory you used:
 7256 strings out of 480906
 115738 string characters out of 5910772
 382166 words of memory out of 5000000
 22678 multiletter control sequences out of 15000+600000
 553959 words of font info for 51 fonts, out of 8000000 for 9000
 1141 hyphenation exceptions out of 8191
 50i,6n,43p,388b,338s stack positions out of 5000i,500n,10000p,200000b,80000s
{/usr/share/texlive/texmf-dist/fonts/enc/dvips/paratype/ptserif_ts1.enc}{/usr/share/texlive/texmf-dist/fonts/enc/dvips/paratype/ptserif_ot1.enc}</usr/share/texlive/texmf-dist/fonts/type1/paratype/ptserif/PTF55F.pfb></usr/share/texlive/texmf-dist/fonts/type1/paratype/ptserif/PTF56F.pfb></usr/share/texlive/texmf-dist/fonts/type1/paratype/ptserif/PTF75F.pfb></usr/share/texlive/texmf-dist/fonts/type1/public/amsfonts/cm/cmsy10.pfb>
Output written on "/home/bryan/Git/study-guides/computer-engineering-undergrad/computer-engineering-term-5/ENG5895-software-design/ENG5895 Software Design.pdf" (14 pages, 88748 bytes).
PDF statistics:
 395 PDF objects out of 1000 (max. 8388607)
 371 compressed objects within 4 object streams
 90 named destinations out of 1000 (max. 500000)
 561 words of extra memory for PDF output out of 10000 (max. 10000000)

